<?xml version="1.0" encoding="UTF-8"?>
<testng-results skipped="0" failed="0" ignored="0" total="1" passed="1">
  <reporter-output>
  </reporter-output>
  <suite name="cucumberRunner" duration-ms="47808" started-at="2019-06-04T04:44:29Z" finished-at="2019-06-04T04:45:17Z">
    <groups>
      <group name="cucumber">
        <method signature="AbstractTestNGCucumberTests.feature(cucumber.api.testng.CucumberFeatureWrapper)[pri:0, instance:cucumberRunner.testRunner@704921a5]" name="feature" class="cucumber.api.testng.AbstractTestNGCucumberTests"/>
      </group> <!-- cucumber -->
    </groups>
    <test name="suite" duration-ms="47808" started-at="2019-06-04T04:44:29Z" finished-at="2019-06-04T04:45:17Z">
      <class name="cucumberRunner.testRunner">
        <test-method status="PASS" signature="openBrowser(java.lang.String)[pri:0, instance:cucumberRunner.testRunner@704921a5]" name="openBrowser" is-config="true" duration-ms="12281" started-at="2019-06-04T04:44:30Z" finished-at="2019-06-04T04:44:42Z">
          <params>
            <param index="0">
              <value>
                <![CDATA[Chrome]]>
              </value>
            </param>
          </params>
          <reporter-output>
          </reporter-output>
        </test-method> <!-- openBrowser -->
        <test-method status="PASS" signature="setUpClass()[pri:0, instance:cucumberRunner.testRunner@704921a5]" name="setUpClass" is-config="true" duration-ms="767" started-at="2019-06-04T04:44:42Z" finished-at="2019-06-04T04:44:43Z">
          <reporter-output>
          </reporter-output>
        </test-method> <!-- setUpClass -->
        <test-method status="PASS" signature="feature(cucumber.api.testng.CucumberFeatureWrapper)[pri:0, instance:cucumberRunner.testRunner@704921a5]" name="feature" duration-ms="34384" started-at="2019-06-04T04:44:43Z" description="Runs Cucumber Feature" data-provider="features" finished-at="2019-06-04T04:45:17Z">
          <params>
            <param index="0">
              <value>
                <![CDATA[Test login HOGS]]>
              </value>
            </param>
          </params>
          <reporter-output>
          </reporter-output>
        </test-method> <!-- feature -->
        <test-method status="PASS" signature="tearDownClass()[pri:0, instance:cucumberRunner.testRunner@704921a5]" name="tearDownClass" is-config="true" duration-ms="68" started-at="2019-06-04T04:45:17Z" finished-at="2019-06-04T04:45:17Z">
          <reporter-output>
          </reporter-output>
        </test-method> <!-- tearDownClass -->
        <test-method status="PASS" signature="cleanUp()[pri:0, instance:cucumberRunner.testRunner@704921a5]" name="cleanUp" is-config="true" duration-ms="6" started-at="2019-06-04T04:45:17Z" finished-at="2019-06-04T04:45:17Z">
          <reporter-output>
          </reporter-output>
        </test-method> <!-- cleanUp -->
      </class> <!-- cucumberRunner.testRunner -->
    </test> <!-- suite -->
  </suite> <!-- cucumberRunner -->
</testng-results>
